<testsuite tests='1' results='0' failures='0' disabled='1' errors='0' time='0.433' name='behavior.viitelistan_naytto_selkokielella'>
  <testcase classname='behavior.viitelistan_naytto_selkokielella' name='k채ytt채j채 voi listata tallennetut viitteet selkokielisill채 tiedoilla' time='0.026'>
    <skipped />
  </testcase>
</testsuite>